<?xml version="1.0" encoding="UTF-8"?>
<!-- Generated by org.testng.reporters.JUnitXMLReporter -->
<testsuite ignored="42" hostname="DESKTOP-SHIVASHANKAR" failures="0" tests="1" name="Default test" time="26.024" errors="0" timestamp="2024-10-04T15:22:19 IST">
  <testcase classname="com.FilterModuleTest.FilterNosePageTest" name="test_GoldDropdownDisplaysNosepins" time="14.401"/>
  <testcase classname="com.FilterModuleTest.FilterNosePageTest" name="test_SelectWeight20gmDisplaysProduct" time="0.0">
    <ignored/>
  </testcase> <!-- test_SelectWeight20gmDisplaysProduct -->
  <testcase classname="com.FilterModuleTest.FilterNosePageTest" name="test_FilterFunctionalityCombinationTypeAndWeight" time="0.0">
    <ignored/>
  </testcase> <!-- test_FilterFunctionalityCombinationTypeAndWeight -->
  <testcase classname="com.FilterModuleTest.FilterNosePageTest" name="test_SelectWeight5gmDoesNotDisplayProductIfNotFound" time="0.0">
    <ignored/>
  </testcase> <!-- test_SelectWeight5gmDoesNotDisplayProductIfNotFound -->
  <testcase classname="com.FilterModuleTest.FilterNosePageTest" name="test_FilterFunctionalityCombinationTypeAndWeightNotDisplayingProduct" time="0.0">
    <ignored/>
  </testcase> <!-- test_FilterFunctionalityCombinationTypeAndWeightNotDisplayingProduct -->
  <testcase classname="com.FilterModuleTest.FilterNosePageTest" name="test_SelectPrice30000DoesNotDisplayProductIfNotFound" time="0.0">
    <ignored/>
  </testcase> <!-- test_SelectPrice30000DoesNotDisplayProductIfNotFound -->
  <testcase classname="com.FilterModuleTest.FilterNosePageTest" name="test_FilterFunctionalityPriceIsClickable" time="0.0">
    <ignored/>
  </testcase> <!-- test_FilterFunctionalityPriceIsClickable -->
  <testcase classname="com.FilterModuleTest.FilterNosePageTest" name="test_FilterFunctionalityCombinationTypeAndCaratNotDisplayingProduct" time="0.0">
    <ignored/>
  </testcase> <!-- test_FilterFunctionalityCombinationTypeAndCaratNotDisplayingProduct -->
  <testcase classname="com.FilterModuleTest.FilterNosePageTest" name="test_Select24CaratsDisplaysProduct" time="0.0">
    <ignored/>
  </testcase> <!-- test_Select24CaratsDisplaysProduct -->
  <testcase classname="com.FilterModuleTest.FilterNosePageTest" name="test_SelectWeight50gmAboveDoesNotDisplayProductIfNotFound" time="0.0">
    <ignored/>
  </testcase> <!-- test_SelectWeight50gmAboveDoesNotDisplayProductIfNotFound -->
  <testcase classname="com.FilterModuleTest.FilterNosePageTest" name="test_FilterFunctionalityCombinationPriceAndCarat" time="0.0">
    <ignored/>
  </testcase> <!-- test_FilterFunctionalityCombinationPriceAndCarat -->
  <testcase classname="com.FilterModuleTest.FilterNosePageTest" name="test_SelectWeight5gmDisplaysProduct" time="0.0">
    <ignored/>
  </testcase> <!-- test_SelectWeight5gmDisplaysProduct -->
  <testcase classname="com.FilterModuleTest.FilterNosePageTest" name="test_Select24CaratsDoesNotDisplayProductIfNotFound" time="0.0">
    <ignored/>
  </testcase> <!-- test_Select24CaratsDoesNotDisplayProductIfNotFound -->
  <testcase classname="com.FilterModuleTest.FilterNosePageTest" name="test_FilterFunctionalityCombinationTypeAndCarat" time="0.0">
    <ignored/>
  </testcase> <!-- test_FilterFunctionalityCombinationTypeAndCarat -->
  <testcase classname="com.FilterModuleTest.FilterNosePageTest" name="test_FilterFunctionalityTypeIsClickable" time="0.0">
    <ignored/>
  </testcase> <!-- test_FilterFunctionalityTypeIsClickable -->
  <testcase classname="com.FilterModuleTest.FilterNosePageTest" name="test_FilterFunctionalityCombinationTypeAndPriceNotDisplayingProduct" time="0.0">
    <ignored/>
  </testcase> <!-- test_FilterFunctionalityCombinationTypeAndPriceNotDisplayingProduct -->
  <testcase classname="com.FilterModuleTest.FilterNosePageTest" name="test_FilterFunctionalityCombinationPriceAndWeightNotDisplayingProduct" time="0.0">
    <ignored/>
  </testcase> <!-- test_FilterFunctionalityCombinationPriceAndWeightNotDisplayingProduct -->
  <testcase classname="com.FilterModuleTest.FilterNosePageTest" name="test_SelectWeight10gmDoesNotDisplayProductIfNotFound" time="0.0">
    <ignored/>
  </testcase> <!-- test_SelectWeight10gmDoesNotDisplayProductIfNotFound -->
  <testcase classname="com.FilterModuleTest.FilterNosePageTest" name="test_GoldDropdownButtonIsClickable" time="0.0">
    <ignored/>
  </testcase> <!-- test_GoldDropdownButtonIsClickable -->
  <testcase classname="com.FilterModuleTest.FilterNosePageTest" name="test_SelectWeight15gmDoesNotDisplayProductIfNotFound" time="0.0">
    <ignored/>
  </testcase> <!-- test_SelectWeight15gmDoesNotDisplayProductIfNotFound -->
  <testcase classname="com.FilterModuleTest.FilterNosePageTest" name="test_Select22CaratsDisplaysProduct" time="0.0">
    <ignored/>
  </testcase> <!-- test_Select22CaratsDisplaysProduct -->
  <testcase classname="com.FilterModuleTest.FilterNosePageTest" name="test_SelectWeight15gmDisplaysProduct" time="0.0">
    <ignored/>
  </testcase> <!-- test_SelectWeight15gmDisplaysProduct -->
  <testcase classname="com.FilterModuleTest.FilterNosePageTest" name="test_GoldDropdownDoesNotDisplayNosepinsIfProductNotPresent" time="0.0">
    <ignored/>
  </testcase> <!-- test_GoldDropdownDoesNotDisplayNosepinsIfProductNotPresent -->
  <testcase classname="com.FilterModuleTest.FilterNosePageTest" name="test_FilterFunctionalityCombinationWeightAndCarat" time="0.0">
    <ignored/>
  </testcase> <!-- test_FilterFunctionalityCombinationWeightAndCarat -->
  <testcase classname="com.FilterModuleTest.FilterNosePageTest" name="test_SelectWeight50gmDisplaysProduct" time="0.0">
    <ignored/>
  </testcase> <!-- test_SelectWeight50gmDisplaysProduct -->
  <testcase classname="com.FilterModuleTest.FilterNosePageTest" name="test_FilterFunctionalityCombinationPriceAndWeight" time="0.0">
    <ignored/>
  </testcase> <!-- test_FilterFunctionalityCombinationPriceAndWeight -->
  <testcase classname="com.FilterModuleTest.FilterNosePageTest" name="test_FilterFunctionalityCombinationTypeAndPrice" time="0.0">
    <ignored/>
  </testcase> <!-- test_FilterFunctionalityCombinationTypeAndPrice -->
  <testcase classname="com.FilterModuleTest.FilterNosePageTest" name="test_FilterFunctionalityCaratIsClickable" time="0.0">
    <ignored/>
  </testcase> <!-- test_FilterFunctionalityCaratIsClickable -->
  <testcase classname="com.FilterModuleTest.FilterNosePageTest" name="test_Select22CaratsDoesNotDisplayProductIfNotFound" time="0.0">
    <ignored/>
  </testcase> <!-- test_Select22CaratsDoesNotDisplayProductIfNotFound -->
  <testcase classname="com.FilterModuleTest.FilterNosePageTest" name="test_SubcategoryManualDisplayingFilters" time="0.0">
    <ignored/>
  </testcase> <!-- test_SubcategoryManualDisplayingFilters -->
  <testcase classname="com.FilterModuleTest.FilterNosePageTest" name="test_PriceButtonDisplaysAllDropdownOptions" time="0.0">
    <ignored/>
  </testcase> <!-- test_PriceButtonDisplaysAllDropdownOptions -->
  <testcase classname="com.FilterModuleTest.FilterNosePageTest" name="test_SelectWeight50gmAboveDisplaysProduct" time="0.0">
    <ignored/>
  </testcase> <!-- test_SelectWeight50gmAboveDisplaysProduct -->
  <testcase classname="com.FilterModuleTest.FilterNosePageTest" name="test_SilverDropdownDoesNotDisplayNosepinsIfProductNotPresent" time="0.0">
    <ignored/>
  </testcase> <!-- test_SilverDropdownDoesNotDisplayNosepinsIfProductNotPresent -->
  <testcase classname="com.FilterModuleTest.FilterNosePageTest" name="test_FilterFunctionalityWeightIsClickable" time="0.0">
    <ignored/>
  </testcase> <!-- test_FilterFunctionalityWeightIsClickable -->
  <testcase classname="com.FilterModuleTest.FilterNosePageTest" name="test_SelectPrice30000DisplaysProduct" time="0.0">
    <ignored/>
  </testcase> <!-- test_SelectPrice30000DisplaysProduct -->
  <testcase classname="com.FilterModuleTest.FilterNosePageTest" name="test_SelectWeight10gmDisplaysProduct" time="0.0">
    <ignored/>
  </testcase> <!-- test_SelectWeight10gmDisplaysProduct -->
  <testcase classname="com.FilterModuleTest.FilterNosePageTest" name="test_FilterFunctionalityCombinationWeightAndCaratNotDisplayingProduct" time="0.0">
    <ignored/>
  </testcase> <!-- test_FilterFunctionalityCombinationWeightAndCaratNotDisplayingProduct -->
  <testcase classname="com.FilterModuleTest.FilterNosePageTest" name="test_SilverDropdownDisplaysNosepins" time="0.0">
    <ignored/>
  </testcase> <!-- test_SilverDropdownDisplaysNosepins -->
  <testcase classname="com.FilterModuleTest.FilterNosePageTest" name="test_FilterFunctionalityCombinationPriceAndCaratNotDisplayingProduct" time="0.0">
    <ignored/>
  </testcase> <!-- test_FilterFunctionalityCombinationPriceAndCaratNotDisplayingProduct -->
  <testcase classname="com.FilterModuleTest.FilterNosePageTest" name="test_SelectWeight20gmDoesNotDisplayProductIfNotFound" time="0.0">
    <ignored/>
  </testcase> <!-- test_SelectWeight20gmDoesNotDisplayProductIfNotFound -->
  <testcase classname="com.FilterModuleTest.FilterNosePageTest" name="test_WeightButtonDisplaysDropdownOptions" time="0.0">
    <ignored/>
  </testcase> <!-- test_WeightButtonDisplaysDropdownOptions -->
  <testcase classname="com.FilterModuleTest.FilterNosePageTest" name="test_SelectWeight50gmDoesNotDisplayProductIfNotFound" time="0.0">
    <ignored/>
  </testcase> <!-- test_SelectWeight50gmDoesNotDisplayProductIfNotFound -->
  <testcase classname="com.FilterModuleTest.FilterNosePageTest" name="test_CaratButtonDisplaysDropdownOptions" time="0.0">
    <ignored/>
  </testcase> <!-- test_CaratButtonDisplaysDropdownOptions -->
</testsuite> <!-- Default test -->
